2025-07-18 01:34:23,827 - INFO - Starting the experimental pipeline.
2025-07-18 01:34:23,827 - INFO - Parameters: measurements_csv=/home/lukas/Schreibtisch/repos/lk_bachelor_sklearn/evaluation/experiment_data/performance_measurements/sklearn_experiment_knn/sampled_configurations_performance.csv, feature_model_xml=/home/lukas/Schreibtisch/repos/lk_bachelor_sklearn/evaluation/experiment_data/feature_models/k_neighbors_classifier.xml, sample_seed=42, sample_strategy=diversified-distance, sample_size=48, max_interaction_order=3, margin=0.01, threshold=0.01, learning_seed=42, output_dir=/home/lukas/Schreibtisch/repos/lk_bachelor_sklearn/evaluation/experiment_data/performance_influence_models/diversified-distance/knn/sample_size_48
2025-07-18 01:34:23,827 - INFO - Loading feature model and extracting feature names.
2025-07-18 01:34:23,837 - INFO - Number of features extracted: 30
2025-07-18 01:34:23,838 - INFO - Generating sampled configurations using variant generator.
2025-07-18 01:34:24,413 - INFO - Number of configurations sampled: 48
2025-07-18 01:34:24,413 - INFO - Sampled configurations exported to /home/lukas/Schreibtisch/repos/lk_bachelor_sklearn/evaluation/experiment_data/performance_influence_models/diversified-distance/knn/sample_size_48/sampled_configurations.csv
2025-07-18 01:34:24,413 - INFO - Matching sampled configurations with their performance values.
2025-07-18 01:34:24,457 - INFO - Number of matched configurations: 48
2025-07-18 01:34:24,457 - INFO - Training the regression model using stepwise selection.
2025-07-18 01:34:24,920 - INFO - Selected features: ['4', '4$$distance', 'None', 'None$$brute']
2025-07-18 01:34:24,921 - INFO - Final model:
2025-07-18 01:34:24,921 - INFO - const          0.969059
4             -0.001479
4$$distance   -0.004880
None          -0.001060
None$$brute    0.003702
dtype: float64
2025-07-18 01:34:24,922 - INFO - Trained model exported to /home/lukas/Schreibtisch/repos/lk_bachelor_sklearn/evaluation/experiment_data/performance_influence_models/diversified-distance/knn/sample_size_48/trained_model.pkl
2025-07-18 01:34:24,922 - INFO - Loading all configurations for performance prediction.
2025-07-18 01:34:24,924 - INFO - Total number of configurations: 960
2025-07-18 01:34:24,924 - INFO - Predicting performance for all configurations.
2025-07-18 01:34:24,998 - INFO - Validation Error: 0.19992463303070396
2025-07-18 01:34:24,998 - INFO - Experimental pipeline completed successfully.
