2025-07-17 22:51:18,457 - INFO - Starting the experimental pipeline.
2025-07-17 22:51:18,457 - INFO - Parameters: measurements_csv=/home/lukas/Schreibtisch/repos/lk_bachelor_sklearn/evaluation/experiment_data/performance_measurements/sklearn_experiment_mnb/sampled_configurations_performance.csv, feature_model_xml=/home/lukas/Schreibtisch/repos/lk_bachelor_sklearn/evaluation/experiment_data/feature_models/multinomial_nb.xml, sample_seed=42, sample_strategy=diversified-distance, sample_size=1, max_interaction_order=3, margin=0.01, threshold=0.01, learning_seed=42, output_dir=/home/lukas/Schreibtisch/repos/lk_bachelor_sklearn/evaluation/experiment_data/performance_influence_models/diversified-distance/mnb/sample_size_1
2025-07-17 22:51:18,458 - INFO - Loading feature model and extracting feature names.
2025-07-17 22:51:18,459 - INFO - Number of features extracted: 9
2025-07-17 22:51:18,459 - INFO - Generating sampled configurations using variant generator.
2025-07-17 22:51:18,463 - INFO - Number of configurations sampled: 1
2025-07-17 22:51:18,463 - INFO - Sampled configurations exported to /home/lukas/Schreibtisch/repos/lk_bachelor_sklearn/evaluation/experiment_data/performance_influence_models/diversified-distance/mnb/sample_size_1/sampled_configurations.csv
2025-07-17 22:51:18,463 - INFO - Matching sampled configurations with their performance values.
2025-07-17 22:51:18,472 - INFO - Number of matched configurations: 1
2025-07-17 22:51:18,472 - INFO - Training the regression model using stepwise selection.
2025-07-17 22:51:18,515 - INFO - Selected features: ['0.1']
2025-07-17 22:51:18,516 - INFO - Final model:
2025-07-17 22:51:18,516 - INFO - const    0.8341
0.1      0.0000
dtype: float64
2025-07-17 22:51:18,518 - INFO - Trained model exported to /home/lukas/Schreibtisch/repos/lk_bachelor_sklearn/evaluation/experiment_data/performance_influence_models/diversified-distance/mnb/sample_size_1/trained_model.pkl
2025-07-17 22:51:18,518 - INFO - Loading all configurations for performance prediction.
2025-07-17 22:51:18,520 - INFO - Total number of configurations: 20
2025-07-17 22:51:18,520 - INFO - Predicting performance for all configurations.
2025-07-17 22:51:18,586 - INFO - Validation Error: 0.19974763505096593
2025-07-17 22:51:18,587 - INFO - Experimental pipeline completed successfully.
2025-07-17 22:53:17,594 - INFO - Starting the experimental pipeline.
2025-07-17 22:53:17,595 - INFO - Parameters: measurements_csv=/home/lukas/Schreibtisch/repos/lk_bachelor_sklearn/evaluation/experiment_data/performance_measurements/sklearn_experiment_mnb/sampled_configurations_performance.csv, feature_model_xml=/home/lukas/Schreibtisch/repos/lk_bachelor_sklearn/evaluation/experiment_data/feature_models/multinomial_nb.xml, sample_seed=42, sample_strategy=diversified-distance, sample_size=1, max_interaction_order=3, margin=0.01, threshold=0.01, learning_seed=42, output_dir=/home/lukas/Schreibtisch/repos/lk_bachelor_sklearn/evaluation/experiment_data/performance_influence_models/diversified-distance/mnb/sample_size_1
2025-07-17 22:53:17,595 - INFO - Loading feature model and extracting feature names.
2025-07-17 22:53:17,596 - INFO - Number of features extracted: 9
2025-07-17 22:53:17,596 - INFO - Generating sampled configurations using variant generator.
2025-07-17 22:53:17,599 - INFO - Number of configurations sampled: 1
2025-07-17 22:53:17,600 - INFO - Sampled configurations exported to /home/lukas/Schreibtisch/repos/lk_bachelor_sklearn/evaluation/experiment_data/performance_influence_models/diversified-distance/mnb/sample_size_1/sampled_configurations.csv
2025-07-17 22:53:17,600 - INFO - Matching sampled configurations with their performance values.
2025-07-17 22:53:17,612 - INFO - Number of matched configurations: 1
2025-07-17 22:53:17,612 - INFO - Training the regression model using stepwise selection.
2025-07-17 22:53:17,660 - INFO - Selected features: ['0.1']
2025-07-17 22:53:17,661 - INFO - Final model:
2025-07-17 22:53:17,661 - INFO - const    0.8341
0.1      0.0000
dtype: float64
2025-07-17 22:53:17,663 - INFO - Trained model exported to /home/lukas/Schreibtisch/repos/lk_bachelor_sklearn/evaluation/experiment_data/performance_influence_models/diversified-distance/mnb/sample_size_1/trained_model.pkl
2025-07-17 22:53:17,663 - INFO - Loading all configurations for performance prediction.
2025-07-17 22:53:17,665 - INFO - Total number of configurations: 20
2025-07-17 22:53:17,665 - INFO - Predicting performance for all configurations.
2025-07-17 22:53:17,724 - INFO - Validation Error: 0.19974763505096593
2025-07-17 22:53:17,724 - INFO - Experimental pipeline completed successfully.
