2025-07-18 01:35:58,200 - INFO - Starting the experimental pipeline.
2025-07-18 01:35:58,200 - INFO - Parameters: measurements_csv=/home/lukas/Schreibtisch/repos/lk_bachelor_sklearn/evaluation/experiment_data/performance_measurements/sklearn_experiment_knn/sampled_configurations_performance.csv, feature_model_xml=/home/lukas/Schreibtisch/repos/lk_bachelor_sklearn/evaluation/experiment_data/feature_models/k_neighbors_classifier.xml, sample_seed=42, sample_strategy=diversified-distance, sample_size=96, max_interaction_order=3, margin=0.01, threshold=0.01, learning_seed=42, output_dir=/home/lukas/Schreibtisch/repos/lk_bachelor_sklearn/evaluation/experiment_data/performance_influence_models/diversified-distance/knn/sample_size_96
2025-07-18 01:35:58,200 - INFO - Loading feature model and extracting feature names.
2025-07-18 01:35:58,201 - INFO - Number of features extracted: 30
2025-07-18 01:35:58,201 - INFO - Generating sampled configurations using variant generator.
2025-07-18 01:35:58,806 - INFO - Number of configurations sampled: 96
2025-07-18 01:35:58,807 - INFO - Sampled configurations exported to /home/lukas/Schreibtisch/repos/lk_bachelor_sklearn/evaluation/experiment_data/performance_influence_models/diversified-distance/knn/sample_size_96/sampled_configurations.csv
2025-07-18 01:35:58,807 - INFO - Matching sampled configurations with their performance values.
2025-07-18 01:35:58,881 - INFO - Number of matched configurations: 96
2025-07-18 01:35:58,881 - INFO - Training the regression model using stepwise selection.
2025-07-18 01:35:59,080 - INFO - Selected features: ['2*', 'None']
2025-07-18 01:35:59,080 - INFO - Final model:
2025-07-18 01:35:59,080 - INFO - const    0.968802
2*      -0.001243
None    -0.000644
dtype: float64
2025-07-18 01:35:59,081 - INFO - Trained model exported to /home/lukas/Schreibtisch/repos/lk_bachelor_sklearn/evaluation/experiment_data/performance_influence_models/diversified-distance/knn/sample_size_96/trained_model.pkl
2025-07-18 01:35:59,081 - INFO - Loading all configurations for performance prediction.
2025-07-18 01:35:59,083 - INFO - Total number of configurations: 960
2025-07-18 01:35:59,083 - INFO - Predicting performance for all configurations.
2025-07-18 01:35:59,157 - INFO - Validation Error: 0.16485799470641016
2025-07-18 01:35:59,157 - INFO - Experimental pipeline completed successfully.
