2025-07-22 13:33:02,377 - INFO - Starting the experimental pipeline.
2025-07-22 13:33:02,377 - INFO - Parameters: measurements_csv=/home/lukas/Schreibtisch/repos/lk_bachelor_sklearn/evaluation/experiment_data/performance_measurements/sklearn_experiment_sgd/sampled_configurations_performance.csv, feature_model_xml=/home/lukas/Schreibtisch/repos/lk_bachelor_sklearn/evaluation/experiment_data/feature_models/sgd.xml, sample_seed=42, sample_strategy=diversified-distance, sample_size=9, max_interaction_order=3, margin=0.01, threshold=0.01, learning_seed=42, output_dir=/home/lukas/Schreibtisch/repos/lk_bachelor_sklearn/evaluation/experiment_data/performance_influence_models/diversified-distance/sgd/sample_size_9
2025-07-22 13:33:02,377 - INFO - Loading feature model and extracting feature names.
2025-07-22 13:33:02,387 - INFO - Number of features extracted: 19
2025-07-22 13:33:02,387 - INFO - Generating sampled configurations using variant generator.
2025-07-22 13:33:02,455 - INFO - Number of configurations sampled: 9
2025-07-22 13:33:02,455 - INFO - Sampled configurations exported to /home/lukas/Schreibtisch/repos/lk_bachelor_sklearn/evaluation/experiment_data/performance_influence_models/diversified-distance/sgd/sample_size_9/sampled_configurations.csv
2025-07-22 13:33:02,455 - INFO - Matching sampled configurations with their performance values.
2025-07-22 13:33:02,470 - INFO - Number of matched configurations: 9
2025-07-22 13:33:02,470 - INFO - Training the regression model using stepwise selection.
2025-07-22 13:33:03,286 - INFO - Selected features: ['average', 'fit_intercept', 'huber$$l1', 'l1', 'l1$$squared_error', 'perceptron', 'shuffle', 'shuffle$$squared_error']
2025-07-22 13:33:03,286 - INFO - Final model:
2025-07-22 13:33:03,286 - INFO - const                     0.8973
average                  -0.0406
fit_intercept             0.0049
huber$$l1                 0.0456
l1                       -0.5514
l1$$squared_error         0.3955
perceptron               -0.2249
shuffle                   0.0135
shuffle$$squared_error    0.0124
dtype: float64
2025-07-22 13:33:03,288 - INFO - Trained model exported to /home/lukas/Schreibtisch/repos/lk_bachelor_sklearn/evaluation/experiment_data/performance_influence_models/diversified-distance/sgd/sample_size_9/trained_model.pkl
2025-07-22 13:33:03,288 - INFO - Loading all configurations for performance prediction.
2025-07-22 13:33:03,289 - INFO - Total number of configurations: 896
2025-07-22 13:33:03,289 - INFO - Predicting performance for all configurations.
2025-07-22 13:33:03,366 - INFO - Validation Error: 1067.7961316121252
2025-07-22 13:33:03,366 - INFO - Experimental pipeline completed successfully.
