2025-07-18 01:46:24,249 - INFO - Starting the experimental pipeline.
2025-07-18 01:46:24,249 - INFO - Parameters: measurements_csv=/home/lukas/Schreibtisch/repos/lk_bachelor_sklearn/evaluation/experiment_data/performance_measurements/sklearn_experiment_rfc/sampled_configurations_performance.csv, feature_model_xml=/home/lukas/Schreibtisch/repos/lk_bachelor_sklearn/evaluation/experiment_data/feature_models/random_forest_classifier.xml, sample_seed=42, sample_strategy=random, sample_size=130, max_interaction_order=3, margin=0.01, threshold=0.01, learning_seed=42, output_dir=/home/lukas/Schreibtisch/repos/lk_bachelor_sklearn/evaluation/experiment_data/performance_influence_models/random/rfc/sample_size_130
2025-07-18 01:46:24,249 - INFO - Loading feature model and extracting feature names.
2025-07-18 01:46:24,250 - INFO - Number of features extracted: 26
2025-07-18 01:46:24,250 - INFO - Generating sampled configurations using variant generator.
2025-07-18 01:46:24,257 - INFO - Number of configurations sampled: 130
2025-07-18 01:46:24,258 - INFO - Sampled configurations exported to /home/lukas/Schreibtisch/repos/lk_bachelor_sklearn/evaluation/experiment_data/performance_influence_models/random/rfc/sample_size_130/sampled_configurations.csv
2025-07-18 01:46:24,258 - INFO - Matching sampled configurations with their performance values.
2025-07-18 01:46:24,380 - INFO - Number of matched configurations: 130
2025-07-18 01:46:24,380 - INFO - Training the regression model using stepwise selection.
2025-07-18 01:46:25,303 - INFO - Selected features: ['100', '2*', 'None', 'None$$None*', 'None$$gini', 'log2']
2025-07-18 01:46:25,303 - INFO - Final model:
2025-07-18 01:46:25,304 - INFO - const          0.969714
100           -0.000473
2*            -0.001255
None          -0.014316
None$$None*    0.006482
None$$gini    -0.004123
log2          -0.003438
dtype: float64
2025-07-18 01:46:25,305 - INFO - Trained model exported to /home/lukas/Schreibtisch/repos/lk_bachelor_sklearn/evaluation/experiment_data/performance_influence_models/random/rfc/sample_size_130/trained_model.pkl
2025-07-18 01:46:25,305 - INFO - Loading all configurations for performance prediction.
2025-07-18 01:46:25,307 - INFO - Total number of configurations: 1296
2025-07-18 01:46:25,307 - INFO - Predicting performance for all configurations.
2025-07-18 01:46:25,433 - INFO - Validation Error: 0.038044221902845725
2025-07-18 01:46:25,434 - INFO - Experimental pipeline completed successfully.
