2025-07-22 13:40:07,139 - INFO - Starting the experimental pipeline.
2025-07-22 13:40:07,140 - INFO - Parameters: measurements_csv=/home/lukas/Schreibtisch/repos/lk_bachelor_sklearn/evaluation/experiment_data/performance_measurements/sklearn_experiment_rfc/sampled_configurations_performance.csv, feature_model_xml=/home/lukas/Schreibtisch/repos/lk_bachelor_sklearn/evaluation/experiment_data/feature_models/random_forest_classifier.xml, sample_seed=42, sample_strategy=diversified-distance, sample_size=13, max_interaction_order=3, margin=0.01, threshold=0.01, learning_seed=42, output_dir=/home/lukas/Schreibtisch/repos/lk_bachelor_sklearn/evaluation/experiment_data/performance_influence_models/diversified-distance/rfc/sample_size_13
2025-07-22 13:40:07,140 - INFO - Loading feature model and extracting feature names.
2025-07-22 13:40:07,150 - INFO - Number of features extracted: 26
2025-07-22 13:40:07,150 - INFO - Generating sampled configurations using variant generator.
2025-07-22 13:40:07,377 - INFO - Number of configurations sampled: 13
2025-07-22 13:40:07,377 - INFO - Sampled configurations exported to /home/lukas/Schreibtisch/repos/lk_bachelor_sklearn/evaluation/experiment_data/performance_influence_models/diversified-distance/rfc/sample_size_13/sampled_configurations.csv
2025-07-22 13:40:07,377 - INFO - Matching sampled configurations with their performance values.
2025-07-22 13:40:07,407 - INFO - Number of matched configurations: 13
2025-07-22 13:40:07,407 - INFO - Training the regression model using stepwise selection.
2025-07-22 13:40:07,699 - INFO - Selected features: ['3', 'None', 'log2']
2025-07-22 13:40:07,699 - INFO - Final model:
2025-07-22 13:40:07,699 - INFO - const    0.967900
3        0.000589
None    -0.013889
log2    -0.003689
dtype: float64
2025-07-22 13:40:07,700 - INFO - Trained model exported to /home/lukas/Schreibtisch/repos/lk_bachelor_sklearn/evaluation/experiment_data/performance_influence_models/diversified-distance/rfc/sample_size_13/trained_model.pkl
2025-07-22 13:40:07,700 - INFO - Loading all configurations for performance prediction.
2025-07-22 13:40:07,702 - INFO - Total number of configurations: 1296
2025-07-22 13:40:07,702 - INFO - Predicting performance for all configurations.
2025-07-22 13:40:07,827 - INFO - Validation Error: 0.1726694470543752
2025-07-22 13:40:07,827 - INFO - Experimental pipeline completed successfully.
