2025-07-18 01:42:40,189 - INFO - Starting the experimental pipeline.
2025-07-18 01:42:40,189 - INFO - Parameters: measurements_csv=/home/lukas/Schreibtisch/repos/lk_bachelor_sklearn/evaluation/experiment_data/performance_measurements/sklearn_experiment_rfc/sampled_configurations_performance.csv, feature_model_xml=/home/lukas/Schreibtisch/repos/lk_bachelor_sklearn/evaluation/experiment_data/feature_models/random_forest_classifier.xml, sample_seed=42, sample_strategy=diversified-distance, sample_size=65, max_interaction_order=3, margin=0.01, threshold=0.01, learning_seed=42, output_dir=/home/lukas/Schreibtisch/repos/lk_bachelor_sklearn/evaluation/experiment_data/performance_influence_models/diversified-distance/rfc/sample_size_65
2025-07-18 01:42:40,189 - INFO - Loading feature model and extracting feature names.
2025-07-18 01:42:40,190 - INFO - Number of features extracted: 26
2025-07-18 01:42:40,190 - INFO - Generating sampled configurations using variant generator.
2025-07-18 01:42:40,480 - INFO - Number of configurations sampled: 65
2025-07-18 01:42:40,480 - INFO - Sampled configurations exported to /home/lukas/Schreibtisch/repos/lk_bachelor_sklearn/evaluation/experiment_data/performance_influence_models/diversified-distance/rfc/sample_size_65/sampled_configurations.csv
2025-07-18 01:42:40,480 - INFO - Matching sampled configurations with their performance values.
2025-07-18 01:42:40,533 - INFO - Number of matched configurations: 65
2025-07-18 01:42:40,533 - INFO - Training the regression model using stepwise selection.
2025-07-18 01:42:40,847 - INFO - Selected features: ['1$$sqrt', 'None', 'sqrt']
2025-07-18 01:42:40,847 - INFO - Final model:
2025-07-18 01:42:40,847 - INFO - const      0.964778
1$$sqrt    0.000640
None      -0.010538
sqrt       0.003660
dtype: float64
2025-07-18 01:42:40,848 - INFO - Trained model exported to /home/lukas/Schreibtisch/repos/lk_bachelor_sklearn/evaluation/experiment_data/performance_influence_models/diversified-distance/rfc/sample_size_65/trained_model.pkl
2025-07-18 01:42:40,848 - INFO - Loading all configurations for performance prediction.
2025-07-18 01:42:40,850 - INFO - Total number of configurations: 1296
2025-07-18 01:42:40,850 - INFO - Predicting performance for all configurations.
2025-07-18 01:42:40,976 - INFO - Validation Error: 0.15226196074179082
2025-07-18 01:42:40,976 - INFO - Experimental pipeline completed successfully.
