2025-07-17 23:06:54,000 - INFO - Starting the experimental pipeline.
2025-07-17 23:06:54,000 - INFO - Parameters: measurements_csv=/home/lukas/Schreibtisch/repos/lk_bachelor_sklearn/evaluation/experiment_data/performance_measurements/sklearn_experiment_mnb/sampled_configurations_performance.csv, feature_model_xml=/home/lukas/Schreibtisch/repos/lk_bachelor_sklearn/evaluation/experiment_data/feature_models/multinomial_nb.xml, sample_seed=42, sample_strategy=random, sample_size=1, max_interaction_order=3, margin=0.01, threshold=0.01, learning_seed=42, output_dir=/home/lukas/Schreibtisch/repos/lk_bachelor_sklearn/evaluation/experiment_data/performance_influence_models/random/mnb/sample_size_1
2025-07-17 23:06:54,000 - INFO - Loading feature model and extracting feature names.
2025-07-17 23:06:54,001 - INFO - Number of features extracted: 9
2025-07-17 23:06:54,001 - INFO - Generating sampled configurations using variant generator.
2025-07-17 23:06:54,005 - INFO - Number of configurations sampled: 1
2025-07-17 23:06:54,005 - INFO - Sampled configurations exported to /home/lukas/Schreibtisch/repos/lk_bachelor_sklearn/evaluation/experiment_data/performance_influence_models/random/mnb/sample_size_1/sampled_configurations.csv
2025-07-17 23:06:54,005 - INFO - Matching sampled configurations with their performance values.
2025-07-17 23:06:54,011 - INFO - Number of matched configurations: 1
2025-07-17 23:06:54,011 - INFO - Training the regression model using stepwise selection.
2025-07-17 23:06:54,059 - INFO - Selected features: ['0.1']
2025-07-17 23:06:54,059 - INFO - Final model:
2025-07-17 23:06:54,060 - INFO - const    0.8341
0.1      0.0000
dtype: float64
2025-07-17 23:06:54,062 - INFO - Trained model exported to /home/lukas/Schreibtisch/repos/lk_bachelor_sklearn/evaluation/experiment_data/performance_influence_models/random/mnb/sample_size_1/trained_model.pkl
2025-07-17 23:06:54,062 - INFO - Loading all configurations for performance prediction.
2025-07-17 23:06:54,063 - INFO - Total number of configurations: 20
2025-07-17 23:06:54,063 - INFO - Predicting performance for all configurations.
2025-07-17 23:06:54,124 - INFO - Validation Error: 0.19974763505096593
2025-07-17 23:06:54,124 - INFO - Experimental pipeline completed successfully.
2025-07-17 23:08:10,352 - INFO - Starting the experimental pipeline.
2025-07-17 23:08:10,352 - INFO - Parameters: measurements_csv=/home/lukas/Schreibtisch/repos/lk_bachelor_sklearn/evaluation/experiment_data/performance_measurements/sklearn_experiment_mnb/sampled_configurations_performance.csv, feature_model_xml=/home/lukas/Schreibtisch/repos/lk_bachelor_sklearn/evaluation/experiment_data/feature_models/multinomial_nb.xml, sample_seed=42, sample_strategy=random, sample_size=1, max_interaction_order=3, margin=0.01, threshold=0.01, learning_seed=42, output_dir=/home/lukas/Schreibtisch/repos/lk_bachelor_sklearn/evaluation/experiment_data/performance_influence_models/random/mnb/sample_size_1
2025-07-17 23:08:10,353 - INFO - Loading feature model and extracting feature names.
2025-07-17 23:08:10,353 - INFO - Number of features extracted: 9
2025-07-17 23:08:10,354 - INFO - Generating sampled configurations using variant generator.
2025-07-17 23:08:10,358 - INFO - Number of configurations sampled: 1
2025-07-17 23:08:10,358 - INFO - Sampled configurations exported to /home/lukas/Schreibtisch/repos/lk_bachelor_sklearn/evaluation/experiment_data/performance_influence_models/random/mnb/sample_size_1/sampled_configurations.csv
2025-07-17 23:08:10,358 - INFO - Matching sampled configurations with their performance values.
2025-07-17 23:08:10,364 - INFO - Number of matched configurations: 1
2025-07-17 23:08:10,364 - INFO - Training the regression model using stepwise selection.
2025-07-17 23:08:10,407 - INFO - Selected features: ['0.1']
2025-07-17 23:08:10,407 - INFO - Final model:
2025-07-17 23:08:10,408 - INFO - const    0.8341
0.1      0.0000
dtype: float64
2025-07-17 23:08:10,410 - INFO - Trained model exported to /home/lukas/Schreibtisch/repos/lk_bachelor_sklearn/evaluation/experiment_data/performance_influence_models/random/mnb/sample_size_1/trained_model.pkl
2025-07-17 23:08:10,410 - INFO - Loading all configurations for performance prediction.
2025-07-17 23:08:10,412 - INFO - Total number of configurations: 20
2025-07-17 23:08:10,412 - INFO - Predicting performance for all configurations.
2025-07-17 23:08:10,470 - INFO - Validation Error: 0.19974763505096593
2025-07-17 23:08:10,470 - INFO - Experimental pipeline completed successfully.
